<?xml version="1.0" encoding="UTF-8"?>
<testng-results ignored="0" total="1" passed="1" failed="0" skipped="0">
  <reporter-output>
  </reporter-output>
  <suite started-at="2020-11-11T16:07:46 EST" name="Default suite" finished-at="2020-11-11T16:08:04 EST" duration-ms="18044">
    <groups>
      <group name="cucumber">
        <method signature="AbstractTestNGCucumberTests.feature(cucumber.api.testng.CucumberFeatureWrapper)[pri:0, instance:com.TestRunner_Demo.com.Testrunner@55536d9e]" name="feature" class="cucumber.api.testng.AbstractTestNGCucumberTests"/>
      </group> <!-- cucumber -->
    </groups>
    <test started-at="2020-11-11T16:07:46 EST" name="Default test" finished-at="2020-11-11T16:08:04 EST" duration-ms="18044">
      <class name="com.TestRunner_Demo.com.Testrunner">
        <test-method is-config="true" signature="setup()[pri:0, instance:com.TestRunner_Demo.com.Testrunner@55536d9e]" started-at="2020-11-11T16:07:46 EST" name="setup" finished-at="2020-11-11T16:07:53 EST" duration-ms="6325" status="PASS">
          <reporter-output>
          </reporter-output>
        </test-method> <!-- setup -->
        <test-method is-config="true" signature="setUpClass()[pri:0, instance:com.TestRunner_Demo.com.Testrunner@55536d9e]" started-at="2020-11-11T16:07:53 EST" name="setUpClass" finished-at="2020-11-11T16:07:53 EST" duration-ms="305" status="PASS">
          <reporter-output>
          </reporter-output>
        </test-method> <!-- setUpClass -->
        <test-method signature="feature(cucumber.api.testng.CucumberFeatureWrapper)[pri:0, instance:com.TestRunner_Demo.com.Testrunner@55536d9e]" started-at="2020-11-11T16:07:53 EST" name="feature" description="Runs Cucumber Feature" data-provider="features" finished-at="2020-11-11T16:08:03 EST" duration-ms="9985" status="PASS">
          <params>
            <param index="0">
              <value>
                <![CDATA[Search Functionality]]>
              </value>
            </param>
          </params>
          <reporter-output>
          </reporter-output>
        </test-method> <!-- feature -->
        <test-method is-config="true" signature="tearDownClass()[pri:0, instance:com.TestRunner_Demo.com.Testrunner@55536d9e]" started-at="2020-11-11T16:08:03 EST" name="tearDownClass" finished-at="2020-11-11T16:08:03 EST" duration-ms="41" status="PASS">
          <reporter-output>
          </reporter-output>
        </test-method> <!-- tearDownClass -->
        <test-method is-config="true" signature="tearDown()[pri:0, instance:com.TestRunner_Demo.com.Testrunner@55536d9e]" started-at="2020-11-11T16:08:03 EST" name="tearDown" finished-at="2020-11-11T16:08:04 EST" duration-ms="1214" status="PASS">
          <reporter-output>
          </reporter-output>
        </test-method> <!-- tearDown -->
      </class> <!-- com.TestRunner_Demo.com.Testrunner -->
    </test> <!-- Default test -->
  </suite> <!-- Default suite -->
</testng-results>
